<?xml version="1.0" encoding="UTF-8"?>
<testng-results ignored="0" total="1" passed="1" failed="0" skipped="0">
  <reporter-output>
  </reporter-output>
  <suite started-at="2022-09-12T21:33:49 IRKT" name="Default suite" finished-at="2022-09-12T21:33:55 IRKT" duration-ms="5707">
    <groups>
    </groups>
    <test started-at="2022-09-12T21:33:49 IRKT" name="Default test" finished-at="2022-09-12T21:33:55 IRKT" duration-ms="5707">
      <class name="com.swagger.testcases.PetTests">
        <test-method signature="shouldBeAbleToFindPetStatus()[pri:0, instance:com.swagger.testcases.PetTests@1b1426f4]" started-at="2022-09-12T21:33:49 IRKT" name="shouldBeAbleToFindPetStatus" finished-at="2022-09-12T21:33:55 IRKT" duration-ms="5611" status="PASS">
          <reporter-output>
          </reporter-output>
        </test-method> <!-- shouldBeAbleToFindPetStatus -->
      </class> <!-- com.swagger.testcases.PetTests -->
    </test> <!-- Default test -->
  </suite> <!-- Default suite -->
</testng-results>
